<?xml version="1.0" encoding="UTF-8"?>
<!-- Generated by org.testng.reporters.JUnitReportReporter -->
<testsuite hostname="DESKTOP-E57397J" failures="0" tests="1" name="com.CRUDOperationbyBDD.UpdatingProjectPUT" time="3.278" errors="0" timestamp="2022-07-30T16:16:33 IST" skipped="0">
  <testcase classname="com.CRUDOperationbyBDD.UpdatingProjectPUT" name="updatepro" time="3.278"/>
  <system-out/>
</testsuite> <!-- com.CRUDOperationbyBDD.UpdatingProjectPUT -->
