<?xml version="1.0" encoding="UTF-8"?>
<!-- Generated by org.testng.reporters.JUnitReportReporter -->
<testsuite hostname="DESKTOP-E57397J" failures="0" tests="1" name="com.Authuntication.BasicAuth" time="1.828" errors="0" timestamp="2022-07-25T15:45:16 IST" skipped="0">
  <testcase classname="com.Authuntication.BasicAuth" name="BasicAuth" time="1.828"/>
  <system-out/>
</testsuite> <!-- com.Authuntication.BasicAuth -->
