<?xml version="1.0" encoding="UTF-8"?>
<!-- Generated by org.testng.reporters.JUnitReportReporter -->
<testsuite hostname="DESKTOP-E57397J" failures="0" tests="1" name="Practice.CreateWithoutBdd" time="3.330" errors="0" timestamp="2022-07-30T16:00:32 IST" skipped="0">
  <testcase classname="Practice.CreateWithoutBdd" name="createpro" time="3.330"/>
  <system-out/>
</testsuite> <!-- Practice.CreateWithoutBdd -->
