<?xml version="1.0" encoding="UTF-8"?>
<!-- Generated by org.testng.reporters.JUnitReportReporter -->
<testsuite hostname="DESKTOP-E57397J" failures="0" tests="1" name="com.rmgyantraValidations.DynamicValidationTest" time="3.600" errors="0" timestamp="2022-07-21T05:41:30 GMT-07:00" skipped="0">
  <testcase classname="com.rmgyantraValidations.DynamicValidationTest" name="dynamicValidation" time="3.600"/>
  <system-out/>
</testsuite> <!-- com.rmgyantraValidations.DynamicValidationTest -->
