<?xml version="1.0" encoding="UTF-8"?>
<!-- Generated by org.testng.reporters.JUnitReportReporter -->
<testsuite hostname="DESKTOP-E57397J" failures="0" tests="1" name="com.CRUDOperation.DeletePro" time="3.117" errors="0" timestamp="2022-07-21T06:10:31 GMT-07:00" skipped="0">
  <testcase classname="com.CRUDOperation.DeletePro" name="delete" time="3.117"/>
  <system-out/>
</testsuite> <!-- com.CRUDOperation.DeletePro -->
