<?xml version="1.0" encoding="UTF-8"?>
<!-- Generated by org.testng.reporters.JUnitReportReporter -->
<testsuite hostname="DESKTOP-E57397J" failures="0" tests="1" name="Practice.BasicAuth" time="2.245" errors="0" timestamp="2022-07-31T18:22:54 IST" skipped="0">
  <testcase classname="Practice.BasicAuth" name="basicAuth" time="2.245"/>
  <system-out/>
</testsuite> <!-- Practice.BasicAuth -->
