<?xml version="1.0" encoding="UTF-8"?>
<!-- Generated by org.testng.reporters.JUnitReportReporter -->
<testsuite hostname="DESKTOP-E57397J" failures="0" tests="1" name="Practice.Delete" time="2.844" errors="0" timestamp="2022-07-30T16:29:37 IST" skipped="0">
  <testcase classname="Practice.Delete" name="deletePro" time="2.844"/>
  <system-out/>
</testsuite> <!-- Practice.Delete -->
