<?xml version="1.0" encoding="UTF-8"?>
<!-- Generated by org.testng.reporters.JUnitReportReporter -->
<testsuite hostname="DESKTOP-E57397J" failures="0" tests="1" name="End_To_End.EndToEnd" time="3.948" errors="0" timestamp="2022-07-25T18:46:30 IST" skipped="0">
  <testcase classname="End_To_End.EndToEnd" name="endToEnd" time="3.948"/>
  <system-out/>
</testsuite> <!-- End_To_End.EndToEnd -->
