<?xml version="1.0" encoding="UTF-8"?>
<!-- Generated by org.testng.reporters.JUnitReportReporter -->
<testsuite hostname="DESKTOP-E57397J" failures="0" tests="1" name="Practice.UpdatePutWithBDD" time="3.400" errors="0" timestamp="2022-07-30T16:19:20 IST" skipped="0">
  <testcase classname="Practice.UpdatePutWithBDD" name="update" time="3.400"/>
  <system-out/>
</testsuite> <!-- Practice.UpdatePutWithBDD -->
