<?xml version="1.0" encoding="UTF-8"?>
<!-- Generated by org.testng.reporters.JUnitReportReporter -->
<testsuite hostname="DESKTOP-E57397J" failures="0" tests="1" name="com.CRUDOperation.UpadatingprojectPUT" time="3.406" errors="0" timestamp="2022-07-30T16:14:15 IST" skipped="0">
  <testcase classname="com.CRUDOperation.UpadatingprojectPUT" name="updatepro" time="3.406"/>
  <system-out/>
</testsuite> <!-- com.CRUDOperation.UpadatingprojectPUT -->
