<?xml version="1.0" encoding="UTF-8"?>
<!-- Generated by org.testng.reporters.JUnitReportReporter -->
<testsuite hostname="DESKTOP-E57397J" failures="0" tests="1" name="Practice.RequestChaining" time="3.152" errors="0" timestamp="2022-07-31T19:20:52 IST" skipped="0">
  <testcase classname="Practice.RequestChaining" name="reqchain" time="3.152"/>
  <system-out/>
</testsuite> <!-- Practice.RequestChaining -->
