<?xml version="1.0" encoding="UTF-8"?>
<!-- Generated by org.testng.reporters.JUnitReportReporter -->
<testsuite hostname="DESKTOP-E57397J" failures="0" tests="1" name="Practice.CreateWithBDD" time="3.581" errors="0" timestamp="2022-07-30T16:00:58 IST" skipped="0">
  <testcase classname="Practice.CreateWithBDD" name="createpro" time="3.581"/>
  <system-out/>
</testsuite> <!-- Practice.CreateWithBDD -->
