<?xml version="1.0" encoding="UTF-8"?>
<!-- Generated by org.testng.reporters.JUnitReportReporter -->
<testsuite hostname="DESKTOP-E57397J" failures="0" tests="1" name="Practice.BarearToken" time="3.241" errors="0" timestamp="2022-07-31T18:57:14 IST" skipped="0">
  <testcase classname="Practice.BarearToken" name="barearToken" time="3.241"/>
  <system-out/>
</testsuite> <!-- Practice.BarearToken -->
