<?xml version="1.0" encoding="UTF-8"?>
<!-- Generated by org.testng.reporters.JUnitReportReporter -->
<testsuite hostname="DESKTOP-E57397J" failures="0" tests="2" name="com.rmgyantraWaysToPOSTRequest.POJOUsing_DataProvider" time="3.743" errors="0" timestamp="2022-07-21T06:01:50 GMT-07:00" skipped="0">
  <testcase classname="com.rmgyantraWaysToPOSTRequest.POJOUsing_DataProvider" name="createmultipleproject" time="0.070"/>
  <system-out/>
  <testcase classname="com.rmgyantraWaysToPOSTRequest.POJOUsing_DataProvider" name="createmultipleproject" time="3.673"/>
  <system-out/>
</testsuite> <!-- com.rmgyantraWaysToPOSTRequest.POJOUsing_DataProvider -->
