<?xml version="1.0" encoding="UTF-8"?>
<!-- Generated by org.testng.reporters.JUnitReportReporter -->
<testsuite hostname="DESKTOP-E57397J" failures="0" tests="1" name="com.rmgyantraPOJOLibrary.A" time="0.009" errors="0" timestamp="2022-07-21T03:51:06 GMT-07:00" skipped="0">
  <testcase classname="com.rmgyantraPOJOLibrary.A" name="test" time="0.009"/>
  <system-out/>
</testsuite> <!-- com.rmgyantraPOJOLibrary.A -->
