<?xml version="1.0" encoding="UTF-8"?>
<!-- Generated by org.testng.reporters.JUnitReportReporter -->
<testsuite hostname="DESKTOP-E57397J" failures="0" tests="1" name="com.CRUDOperation.CreatingProjectPOST" time="4.099" errors="0" timestamp="2022-07-21T06:03:27 GMT-07:00" skipped="0">
  <testcase classname="com.CRUDOperation.CreatingProjectPOST" name="creatingpro" time="4.099"/>
  <system-out/>
</testsuite> <!-- com.CRUDOperation.CreatingProjectPOST -->
