<?xml version="1.0" encoding="UTF-8"?>
<!-- Generated by org.testng.reporters.JUnitReportReporter -->
<testsuite hostname="DESKTOP-E57397J" failures="0" tests="1" name="com.rmgyantraWaysToPOSTRequest.DynamicValidationTest" time="3.611" errors="0" timestamp="2022-07-21T04:59:14 GMT-07:00" skipped="0">
  <testcase classname="com.rmgyantraWaysToPOSTRequest.DynamicValidationTest" name="dynamicValidation" time="3.611"/>
  <system-out/>
</testsuite> <!-- com.rmgyantraWaysToPOSTRequest.DynamicValidationTest -->
