<?xml version="1.0" encoding="UTF-8"?>
<!-- Generated by org.testng.reporters.JUnitReportReporter -->
<testsuite hostname="DESKTOP-E57397J" failures="0" tests="1" name="com.Authuntication.AccessToken" time="3.224" errors="0" timestamp="2022-07-25T16:56:30 IST" skipped="0">
  <testcase classname="com.Authuntication.AccessToken" name="accessToken" time="3.224"/>
  <system-out/>
</testsuite> <!-- com.Authuntication.AccessToken -->
