<?xml version="1.0" encoding="UTF-8"?>
<!-- Generated by org.testng.reporters.JUnitReportReporter -->
<testsuite hostname="DESKTOP-E57397J" failures="0" tests="1" name="com.CRUDOperation.GettingProject" time="3.140" errors="0" timestamp="2022-07-21T06:06:11 GMT-07:00" skipped="0">
  <testcase classname="com.CRUDOperation.GettingProject" name="gettingproject" time="3.140"/>
  <system-out/>
</testsuite> <!-- com.CRUDOperation.GettingProject -->
