<?xml version="1.0" encoding="UTF-8"?>
<!-- Generated by org.testng.reporters.JUnitReportReporter -->
<testsuite hostname="DESKTOP-E57397J" failures="0" tests="1" name="com.rmgyantraValidations.StaticResponse" time="3.772" errors="0" timestamp="2022-07-21T05:47:38 GMT-07:00" skipped="0">
  <testcase classname="com.rmgyantraValidations.StaticResponse" name="staticvalidate" time="3.772"/>
  <system-out/>
</testsuite> <!-- com.rmgyantraValidations.StaticResponse -->
