<?xml version="1.0" encoding="UTF-8"?>
<!-- Generated by org.testng.reporters.JUnitReportReporter -->
<testsuite hostname="DESKTOP-E57397J" failures="0" tests="1" name="End_To_End.End2End" time="4.348" errors="0" timestamp="2022-07-27T11:05:02 IST" skipped="0">
  <testcase classname="End_To_End.End2End" name="end2end" time="4.348"/>
  <system-out/>
</testsuite> <!-- End_To_End.End2End -->
