<?xml version="1.0" encoding="UTF-8"?>
<!-- Generated by org.testng.reporters.JUnitReportReporter -->
<testsuite hostname="DESKTOP-E57397J" failures="0" tests="1" name="com.Authuntication.BarerToken" time="2.929" errors="0" timestamp="2022-07-31T18:26:41 IST" skipped="0">
  <testcase classname="com.Authuntication.BarerToken" name="barearToken" time="2.929"/>
  <system-out/>
</testsuite> <!-- com.Authuntication.BarerToken -->
