<?xml version="1.0" encoding="UTF-8"?>
<!-- Generated by org.testng.reporters.JUnitReportReporter -->
<testsuite hostname="DESKTOP-E57397J" failures="0" tests="1" name="com.rmgyantraWaysToPOSTRequest.POJOTest" time="3.570" errors="0" timestamp="2022-07-21T03:53:13 GMT-07:00" skipped="0">
  <testcase classname="com.rmgyantraWaysToPOSTRequest.POJOTest" name="project" time="3.570"/>
  <system-out/>
</testsuite> <!-- com.rmgyantraWaysToPOSTRequest.POJOTest -->
